[debug] [2023-05-18T04:17:51.276Z] ----------------------------------------------------------------------
[debug] [2023-05-18T04:17:51.278Z] Command:       C:\Program Files\nodejs\node.exe C:\Users\ASUS-PC\AppData\Roaming\npm\node_modules\firebase-tools\lib\bin\firebase.js deploy
[debug] [2023-05-18T04:17:51.278Z] CLI Version:   12.0.0
[debug] [2023-05-18T04:17:51.278Z] Platform:      win32
[debug] [2023-05-18T04:17:51.278Z] Node Version:  v16.14.2
[debug] [2023-05-18T04:17:51.284Z] Time:          Thu May 18 2023 11:17:51 GMT+0700 (Western Indonesia Time)
[debug] [2023-05-18T04:17:51.285Z] ----------------------------------------------------------------------
[debug] 
[debug] [2023-05-18T04:17:51.356Z] > command requires scopes: ["email","openid","https://www.googleapis.com/auth/cloudplatformprojects.readonly","https://www.googleapis.com/auth/firebase","https://www.googleapis.com/auth/cloud-platform"]
[debug] [2023-05-18T04:17:51.356Z] > authorizing via signed-in user (fawwazbayureksa@gmail.com)
[debug] [2023-05-18T04:17:51.357Z] [iam] checking project nutech-test-2fd0e for permissions ["firebase.projects.get","firebasehosting.sites.update"]
[debug] [2023-05-18T04:17:51.358Z] > refreshing access token with scopes: []
[debug] [2023-05-18T04:17:51.359Z] >>> [apiv2][query] POST https://www.googleapis.com/oauth2/v3/token [none]
[debug] [2023-05-18T04:17:51.359Z] >>> [apiv2][body] POST https://www.googleapis.com/oauth2/v3/token [omitted]
[debug] [2023-05-18T04:17:51.696Z] <<< [apiv2][status] POST https://www.googleapis.com/oauth2/v3/token 200
[debug] [2023-05-18T04:17:51.696Z] <<< [apiv2][body] POST https://www.googleapis.com/oauth2/v3/token [omitted]
[debug] [2023-05-18T04:17:51.702Z] >>> [apiv2][query] POST https://cloudresourcemanager.googleapis.com/v1/projects/nutech-test-2fd0e:testIamPermissions [none]
[debug] [2023-05-18T04:17:51.702Z] >>> [apiv2][(partial)header] POST https://cloudresourcemanager.googleapis.com/v1/projects/nutech-test-2fd0e:testIamPermissions x-goog-quota-user=projects/nutech-test-2fd0e
[debug] [2023-05-18T04:17:51.702Z] >>> [apiv2][body] POST https://cloudresourcemanager.googleapis.com/v1/projects/nutech-test-2fd0e:testIamPermissions {"permissions":["firebase.projects.get","firebasehosting.sites.update"]}
[debug] [2023-05-18T04:17:53.025Z] <<< [apiv2][status] POST https://cloudresourcemanager.googleapis.com/v1/projects/nutech-test-2fd0e:testIamPermissions 200
[debug] [2023-05-18T04:17:53.025Z] <<< [apiv2][body] POST https://cloudresourcemanager.googleapis.com/v1/projects/nutech-test-2fd0e:testIamPermissions {"permissions":["firebase.projects.get","firebasehosting.sites.update"]}
[debug] [2023-05-18T04:17:53.027Z] >>> [apiv2][query] GET https://firebase.googleapis.com/v1beta1/projects/nutech-test-2fd0e [none]
[debug] [2023-05-18T04:17:53.739Z] <<< [apiv2][status] GET https://firebase.googleapis.com/v1beta1/projects/nutech-test-2fd0e 200
[debug] [2023-05-18T04:17:53.740Z] <<< [apiv2][body] GET https://firebase.googleapis.com/v1beta1/projects/nutech-test-2fd0e {"projectId":"nutech-test-2fd0e","projectNumber":"374380942249","displayName":"nutech-test","name":"projects/nutech-test-2fd0e","resources":{"hostingSite":"nutech-test-2fd0e","realtimeDatabaseInstance":"nutech-test-2fd0e-default-rtdb","storageBucket":"nutech-test-2fd0e.appspot.com","locationId":"us-central"},"state":"ACTIVE","etag":"1_241ce5a8-d49c-4d82-89b1-20a34a482daa"}
[info] 
[info] === Deploying to 'nutech-test-2fd0e'...
[info] 
[info] i  deploying hosting 
[debug] [2023-05-18T04:17:53.763Z] >>> [apiv2][query] POST https://firebasehosting.googleapis.com/v1beta1/projects/-/sites/nutech-test-2fd0e/versions [none]
[debug] [2023-05-18T04:17:53.763Z] >>> [apiv2][body] POST https://firebasehosting.googleapis.com/v1beta1/projects/-/sites/nutech-test-2fd0e/versions {"status":"CREATED","labels":{"deployment-tool":"cli-firebase"}}
